── Attaching packages ─────────────────────────────────────── tidyverse 1.3.1 ──
✓ ggplot2 3.3.5     ✓ purrr   0.3.4
✓ tibble  3.1.2     ✓ dplyr   1.0.7
✓ tidyr   1.1.3     ✓ stringr 1.4.0
✓ readr   1.4.0     ✓ forcats 0.5.1
── Conflicts ────────────────────────────────────────── tidyverse_conflicts() ──
x dplyr::filter() masks stats::filter()
x dplyr::lag()    masks stats::lag()

Attaching package: ‘janitor’

The following objects are masked from ‘package:stats’:

    chisq.test, fisher.test


Attaching package: ‘stringdist’

The following object is masked from ‘package:tidyr’:

    extract

Loading required package: NLP

Attaching package: ‘NLP’

The following object is masked from ‘package:ggplot2’:

    annotate

The following object is masked from ‘package:httr’:

    content


── Column specification ────────────────────────────────────────────────────────
cols(
  id = col_character(),
  date = col_date(format = ""),
  status = col_character()
)


── Column specification ────────────────────────────────────────────────────────
cols(
  `Asset ID` = col_double(),
  `Long Name` = col_character(),
  `Display Name` = col_character(),
  Ticker = col_character(),
  CUSIP = col_character(),
  `Alternative Identifier` = col_character(),
  `Issue Type` = col_character(),
  `SEC Asset Type` = col_character(),
  Class = col_character(),
  Segment = col_character(),
  `Dual Segment` = col_character(),
  Inactive = col_character(),
  `Classification Date` = col_character(),
  `Is Synced` = col_character()
)

The email message was sent successfully.
── Attaching packages ─────────────────────────────────────── tidyverse 1.3.1 ──
✓ ggplot2 3.3.5     ✓ purrr   0.3.4
✓ tibble  3.1.2     ✓ dplyr   1.0.7
✓ tidyr   1.1.3     ✓ stringr 1.4.0
✓ readr   1.4.0     ✓ forcats 0.5.1
── Conflicts ────────────────────────────────────────── tidyverse_conflicts() ──
x dplyr::filter() masks stats::filter()
x dplyr::lag()    masks stats::lag()

Attaching package: ‘janitor’

The following objects are masked from ‘package:stats’:

    chisq.test, fisher.test


Attaching package: ‘stringdist’

The following object is masked from ‘package:tidyr’:

    extract

Loading required package: NLP

Attaching package: ‘NLP’

The following object is masked from ‘package:ggplot2’:

    annotate

The following object is masked from ‘package:httr’:

    content


── Column specification ────────────────────────────────────────────────────────
cols(
  id = col_character(),
  date = col_date(format = ""),
  status = col_character()
)


── Column specification ────────────────────────────────────────────────────────
cols(
  `Asset ID` = col_double(),
  `Long Name` = col_character(),
  `Display Name` = col_character(),
  Ticker = col_character(),
  CUSIP = col_character(),
  `Alternative Identifier` = col_character(),
  `Issue Type` = col_character(),
  `SEC Asset Type` = col_character(),
  Class = col_character(),
  Segment = col_character(),
  `Dual Segment` = col_character(),
  Inactive = col_character(),
  `Classification Date` = col_character(),
  `Is Synced` = col_character()
)

The email message was sent successfully.
Error: Can't combine `..1$FinServ__FinancialAccountNumber__c` <character> and `..2$FinServ__FinancialAccountNumber__c` <double>.
Backtrace:
     █
  1. ├─`%>%`(...)
  2. ├─purrr::map_dfr(...)
  3. │ └─purrr::map(.x, .f, ...)
  4. │   └─.f(.x[[i]], ...)
  5. │     └─current_response %>% bind_rows(successes)
  6. └─dplyr::bind_rows(., successes)
  7.   └─vctrs::vec_rbind(!!!dots, .names_to = .id)
  8.     └─(function () ...
  9.       └─vctrs::vec_default_ptype2(...)
 10.         └─vctrs::stop_incompatible_type(...)
 11.           └─vctrs:::stop_incompatible(...)
 12.             └─vctrs:::stop_vctrs(...)
Execution halted
── Attaching packages ─────────────────────────────────────── tidyverse 1.3.1 ──
✓ ggplot2 3.3.5     ✓ purrr   0.3.4
✓ tibble  3.1.2     ✓ dplyr   1.0.7
✓ tidyr   1.1.3     ✓ stringr 1.4.0
✓ readr   1.4.0     ✓ forcats 0.5.1
── Conflicts ────────────────────────────────────────── tidyverse_conflicts() ──
x dplyr::filter() masks stats::filter()
x dplyr::lag()    masks stats::lag()

Attaching package: ‘janitor’

The following objects are masked from ‘package:stats’:

    chisq.test, fisher.test


Attaching package: ‘stringdist’

The following object is masked from ‘package:tidyr’:

    extract

Loading required package: NLP

Attaching package: ‘NLP’

The following object is masked from ‘package:ggplot2’:

    annotate

The following object is masked from ‘package:httr’:

    content


── Column specification ────────────────────────────────────────────────────────
cols(
  id = col_character(),
  date = col_date(format = ""),
  status = col_character()
)


── Column specification ────────────────────────────────────────────────────────
cols(
  `Asset ID` = col_double(),
  `Long Name` = col_character(),
  `Display Name` = col_character(),
  Ticker = col_character(),
  CUSIP = col_character(),
  `Alternative Identifier` = col_character(),
  `Issue Type` = col_character(),
  `SEC Asset Type` = col_character(),
  Class = col_character(),
  Segment = col_character(),
  `Dual Segment` = col_character(),
  Inactive = col_character(),
  `Classification Date` = col_character(),
  `Is Synced` = col_character()
)

The email message was sent successfully.
── Attaching packages ─────────────────────────────────────── tidyverse 1.3.1 ──
✓ ggplot2 3.3.5     ✓ purrr   0.3.4
✓ tibble  3.1.2     ✓ dplyr   1.0.7
✓ tidyr   1.1.3     ✓ stringr 1.4.0
✓ readr   1.4.0     ✓ forcats 0.5.1
── Conflicts ────────────────────────────────────────── tidyverse_conflicts() ──
x dplyr::filter() masks stats::filter()
x dplyr::lag()    masks stats::lag()

Attaching package: ‘janitor’

The following objects are masked from ‘package:stats’:

    chisq.test, fisher.test


Attaching package: ‘stringdist’

The following object is masked from ‘package:tidyr’:

    extract

Loading required package: NLP

Attaching package: ‘NLP’

The following object is masked from ‘package:ggplot2’:

    annotate

The following object is masked from ‘package:httr’:

    content


── Column specification ────────────────────────────────────────────────────────
cols(
  id = col_character(),
  date = col_date(format = ""),
  status = col_character()
)


── Column specification ────────────────────────────────────────────────────────
cols(
  `Asset ID` = col_double(),
  `Long Name` = col_character(),
  `Display Name` = col_character(),
  Ticker = col_character(),
  CUSIP = col_character(),
  `Alternative Identifier` = col_character(),
  `Issue Type` = col_character(),
  `SEC Asset Type` = col_character(),
  Class = col_character(),
  Segment = col_character(),
  `Dual Segment` = col_character(),
  Inactive = col_character(),
  `Classification Date` = col_character(),
  `Is Synced` = col_character()
)

The email message was sent successfully.
── Attaching packages ─────────────────────────────────────── tidyverse 1.3.1 ──
✓ ggplot2 3.3.5     ✓ purrr   0.3.4
✓ tibble  3.1.2     ✓ dplyr   1.0.7
✓ tidyr   1.1.3     ✓ stringr 1.4.0
✓ readr   1.4.0     ✓ forcats 0.5.1
── Conflicts ────────────────────────────────────────── tidyverse_conflicts() ──
x dplyr::filter() masks stats::filter()
x dplyr::lag()    masks stats::lag()

Attaching package: ‘janitor’

The following objects are masked from ‘package:stats’:

    chisq.test, fisher.test


Attaching package: ‘stringdist’

The following object is masked from ‘package:tidyr’:

    extract

Loading required package: NLP

Attaching package: ‘NLP’

The following object is masked from ‘package:ggplot2’:

    annotate

The following object is masked from ‘package:httr’:

    content


── Column specification ────────────────────────────────────────────────────────
cols(
  id = col_character(),
  date = col_date(format = ""),
  status = col_character()
)


── Column specification ────────────────────────────────────────────────────────
cols(
  `Asset ID` = col_double(),
  `Long Name` = col_character(),
  `Display Name` = col_character(),
  Ticker = col_character(),
  CUSIP = col_character(),
  `Alternative Identifier` = col_character(),
  `Issue Type` = col_character(),
  `SEC Asset Type` = col_character(),
  Class = col_character(),
  Segment = col_character(),
  `Dual Segment` = col_character(),
  Inactive = col_character(),
  `Classification Date` = col_character(),
  `Is Synced` = col_character()
)

The email message was sent successfully.
Error: Can't combine `..1$FinServ__FinancialAccountNumber__c` <character> and `..2$FinServ__FinancialAccountNumber__c` <double>.
Backtrace:
     █
  1. ├─`%>%`(...)
  2. ├─purrr::map_dfr(...)
  3. │ └─purrr::map(.x, .f, ...)
  4. │   └─.f(.x[[i]], ...)
  5. │     └─current_response %>% bind_rows(successes)
  6. └─dplyr::bind_rows(., successes)
  7.   └─vctrs::vec_rbind(!!!dots, .names_to = .id)
  8.     └─(function () ...
  9.       └─vctrs::vec_default_ptype2(...)
 10.         └─vctrs::stop_incompatible_type(...)
 11.           └─vctrs:::stop_incompatible(...)
 12.             └─vctrs:::stop_vctrs(...)
Execution halted
